<?xml version="1.0" encoding="UTF-8"?>
<testsuite name="yo como usario quiero automatizar la plataforma WOMPI mediante el metodo de pago PSE" tests="3" skipped="0" failures="0" errors="0" timestamp="2023-11-20T15:56:54" hostname="JORGE-PONTON" time="59.161">
  <properties/>
  <testcase name="Banco que aprueba" classname="yo como usario quiero automatizar la plataforma WOMPI mediante el metodo de pago PSE" time="22.002"/>
  <testcase name="Banco que da error" classname="yo como usario quiero automatizar la plataforma WOMPI mediante el metodo de pago PSE" time="18.763"/>
  <testcase name="Banco que declina" classname="yo como usario quiero automatizar la plataforma WOMPI mediante el metodo de pago PSE" time="18.396"/>
  <system-out><![CDATA[Hola mundoaaaaaaaaaaaaaaaaaaaaaaaaaaaaaa
Transacción aprobada (PSE)
aprobada
TRANSACCION APROBADA 
Hola mundoaaaaaaaaaaaaaaaaaaaaaaaaaaaaaa
Transacción con error (PSE)
error
MENSAJE TRANSACCION CON ERROR
Hola mundoaaaaaaaaaaaaaaaaaaaaaaaaaaaaaa
Transacción declinada (PSE)
declinada
MENSAJE TRANSACCION DECLINADA
]]></system-out>
  <system-err><![CDATA[[Test worker] INFO  - 
  _____   ___   ___   _____     ___   _____     _     ___   _____   ___   ___  
 |_   _| | __| / __| |_   _|   / __| |_   _|   /_\   | _ \ |_   _| | __| |   \ 
   | |   | _|  \__ \   | |     \__ \   | |    / _ \  |   /   | |   | _|  | |) |
   |_|   |___| |___/   |_|     |___/   |_|   /_/ \_\ |_|_\   |_|   |___| |___/ 

Banco que aprueba(yo-como-usario-quiero-automatizar-la-plataforma-wompi-mediante-el-metodo-de-pago-pse;banco-que-aprueba)
--------------------------------------------------------------------------------
[Test worker] INFO  - 
  _____   ___   ___   _____     ___     _     ___   ___   ___   ___  
 |_   _| | __| / __| |_   _|   | _ \   /_\   / __| / __| | __| |   \ 
   | |   | _|  \__ \   | |     |  _/  / _ \  \__ \ \__ \ | _|  | |) |
   |_|   |___| |___/   |_|     |_|   /_/ \_\ |___/ |___/ |___| |___/ 

Banco que aprueba
----------------------------------------------------------------------
[Test worker] INFO  - 
  _____   ___   ___   _____     ___   _____     _     ___   _____   ___   ___  
 |_   _| | __| / __| |_   _|   / __| |_   _|   /_\   | _ \ |_   _| | __| |   \ 
   | |   | _|  \__ \   | |     \__ \   | |    / _ \  |   /   | |   | _|  | |) |
   |_|   |___| |___/   |_|     |___/   |_|   /_/ \_\ |_|_\   |_|   |___| |___/ 

Banco que da error(yo-como-usario-quiero-automatizar-la-plataforma-wompi-mediante-el-metodo-de-pago-pse;banco-que-da-error)
--------------------------------------------------------------------------------
[Test worker] INFO  - 
  _____   ___   ___   _____     ___     _     ___   ___   ___   ___  
 |_   _| | __| / __| |_   _|   | _ \   /_\   / __| / __| | __| |   \ 
   | |   | _|  \__ \   | |     |  _/  / _ \  \__ \ \__ \ | _|  | |) |
   |_|   |___| |___/   |_|     |_|   /_/ \_\ |___/ |___/ |___| |___/ 

Banco que da error
----------------------------------------------------------------------
[Test worker] INFO  - 
  _____   ___   ___   _____     ___   _____     _     ___   _____   ___   ___  
 |_   _| | __| / __| |_   _|   / __| |_   _|   /_\   | _ \ |_   _| | __| |   \ 
   | |   | _|  \__ \   | |     \__ \   | |    / _ \  |   /   | |   | _|  | |) |
   |_|   |___| |___/   |_|     |___/   |_|   /_/ \_\ |_|_\   |_|   |___| |___/ 

Banco que declina(yo-como-usario-quiero-automatizar-la-plataforma-wompi-mediante-el-metodo-de-pago-pse;banco-que-declina)
--------------------------------------------------------------------------------
[Test worker] INFO  - 
  _____   ___   ___   _____     ___     _     ___   ___   ___   ___  
 |_   _| | __| / __| |_   _|   | _ \   /_\   / __| / __| | __| |   \ 
   | |   | _|  \__ \   | |     |  _/  / _ \  \__ \ \__ \ | _|  | |) |
   |_|   |___| |___/   |_|     |_|   /_/ \_\ |___/ |___/ |___| |___/ 

Banco que declina
----------------------------------------------------------------------
]]></system-err>
</testsuite>
