<?xml version="1.0" encoding="UTF-8"?>
<testsuite name="yo como usario quiero automatizar la plataforma WOMPI mediante el metodo de pago QR" tests="3" skipped="0" failures="3" errors="0" timestamp="2023-11-20T14:00:23" hostname="JORGE-PONTON" time="17.482">
  <properties/>
  <testcase name="realizar un pago exitoso mediante la opcion de qr" classname="yo como usario quiero automatizar la plataforma WOMPI mediante el metodo de pago QR" time="8.41">
    <failure message="io.cucumber.junit.UndefinedStepException: The step 'el usaurio elige la opcion de qr e ingresa los siguientes datos' and 1 other step(s) are undefined.&#10;You can implement these steps using the snippet(s) below:&#10;&#10;@When(&quot;el usaurio elige la opcion de qr e ingresa los siguientes datos&quot;)&#10;public void elUsaurioEligeLaOpcionDeQrEIngresaLosSiguientesDatos(io.cucumber.datatable.DataTable dataTable) {&#10;    // Write code here that turns the phrase above into concrete actions&#10;    // For automatic transformation, change DataTable to one of&#10;    // E, List&lt;E&gt;, List&lt;List&lt;E&gt;&gt;, List&lt;Map&lt;K,V&gt;&gt;, Map&lt;K,V&gt; or&#10;    // Map&lt;K, List&lt;V&gt;&gt;. E,K,V must be a String, Integer, Float,&#10;    // Double, Byte, Short, Long, BigInteger or BigDecimal.&#10;    //&#10;    // For other transformations you can register a DataTableType.&#10;    throw new io.cucumber.java.PendingException();&#10;}&#10;@Then(&quot;deberia existir un mensaje de transaccion qr que diga {string}&quot;)&#10;public void deberiaExistirUnMensajeDeTransaccionQrQueDiga(String string) {&#10;    // Write code here that turns the phrase above into concrete actions&#10;    throw new io.cucumber.java.PendingException();&#10;}&#10;" type="io.cucumber.junit.UndefinedStepException">io.cucumber.junit.UndefinedStepException: The step 'el usaurio elige la opcion de qr e ingresa los siguientes datos' and 1 other step(s) are undefined.
You can implement these steps using the snippet(s) below:

@When(&quot;el usaurio elige la opcion de qr e ingresa los siguientes datos&quot;)
public void elUsaurioEligeLaOpcionDeQrEIngresaLosSiguientesDatos(io.cucumber.datatable.DataTable dataTable) {
    // Write code here that turns the phrase above into concrete actions
    // For automatic transformation, change DataTable to one of
    // E, List&lt;E&gt;, List&lt;List&lt;E&gt;&gt;, List&lt;Map&lt;K,V&gt;&gt;, Map&lt;K,V&gt; or
    // Map&lt;K, List&lt;V&gt;&gt;. E,K,V must be a String, Integer, Float,
    // Double, Byte, Short, Long, BigInteger or BigDecimal.
    //
    // For other transformations you can register a DataTableType.
    throw new io.cucumber.java.PendingException();
}
@Then(&quot;deberia existir un mensaje de transaccion qr que diga {string}&quot;)
public void deberiaExistirUnMensajeDeTransaccionQrQueDiga(String string) {
    // Write code here that turns the phrase above into concrete actions
    throw new io.cucumber.java.PendingException();
}

</failure>
  </testcase>
  <testcase name="realizar un pago erroneo con qr" classname="yo como usario quiero automatizar la plataforma WOMPI mediante el metodo de pago QR" time="4.741">
    <failure message="io.cucumber.junit.UndefinedStepException: The step 'el usaurio elige la opcion de qr e ingresa los siguientes datos' and 1 other step(s) are undefined.&#10;You can implement these steps using the snippet(s) below:&#10;&#10;@When(&quot;el usaurio elige la opcion de qr e ingresa los siguientes datos&quot;)&#10;public void elUsaurioEligeLaOpcionDeQrEIngresaLosSiguientesDatos(io.cucumber.datatable.DataTable dataTable) {&#10;    // Write code here that turns the phrase above into concrete actions&#10;    // For automatic transformation, change DataTable to one of&#10;    // E, List&lt;E&gt;, List&lt;List&lt;E&gt;&gt;, List&lt;Map&lt;K,V&gt;&gt;, Map&lt;K,V&gt; or&#10;    // Map&lt;K, List&lt;V&gt;&gt;. E,K,V must be a String, Integer, Float,&#10;    // Double, Byte, Short, Long, BigInteger or BigDecimal.&#10;    //&#10;    // For other transformations you can register a DataTableType.&#10;    throw new io.cucumber.java.PendingException();&#10;}&#10;@Then(&quot;deberia existir un mensaje de transaccion qr con error {string}&quot;)&#10;public void deberiaExistirUnMensajeDeTransaccionQrConError(String string) {&#10;    // Write code here that turns the phrase above into concrete actions&#10;    throw new io.cucumber.java.PendingException();&#10;}&#10;" type="io.cucumber.junit.UndefinedStepException">io.cucumber.junit.UndefinedStepException: The step 'el usaurio elige la opcion de qr e ingresa los siguientes datos' and 1 other step(s) are undefined.
You can implement these steps using the snippet(s) below:

@When(&quot;el usaurio elige la opcion de qr e ingresa los siguientes datos&quot;)
public void elUsaurioEligeLaOpcionDeQrEIngresaLosSiguientesDatos(io.cucumber.datatable.DataTable dataTable) {
    // Write code here that turns the phrase above into concrete actions
    // For automatic transformation, change DataTable to one of
    // E, List&lt;E&gt;, List&lt;List&lt;E&gt;&gt;, List&lt;Map&lt;K,V&gt;&gt;, Map&lt;K,V&gt; or
    // Map&lt;K, List&lt;V&gt;&gt;. E,K,V must be a String, Integer, Float,
    // Double, Byte, Short, Long, BigInteger or BigDecimal.
    //
    // For other transformations you can register a DataTableType.
    throw new io.cucumber.java.PendingException();
}
@Then(&quot;deberia existir un mensaje de transaccion qr con error {string}&quot;)
public void deberiaExistirUnMensajeDeTransaccionQrConError(String string) {
    // Write code here that turns the phrase above into concrete actions
    throw new io.cucumber.java.PendingException();
}

</failure>
  </testcase>
  <testcase name="realizar un pago declinado con qr" classname="yo como usario quiero automatizar la plataforma WOMPI mediante el metodo de pago QR" time="4.331">
    <failure message="io.cucumber.junit.UndefinedStepException: The step 'el usaurio elige la opcion de qr e ingresa los siguientes datos' and 1 other step(s) are undefined.&#10;You can implement these steps using the snippet(s) below:&#10;&#10;@When(&quot;el usaurio elige la opcion de qr e ingresa los siguientes datos&quot;)&#10;public void elUsaurioEligeLaOpcionDeQrEIngresaLosSiguientesDatos(io.cucumber.datatable.DataTable dataTable) {&#10;    // Write code here that turns the phrase above into concrete actions&#10;    // For automatic transformation, change DataTable to one of&#10;    // E, List&lt;E&gt;, List&lt;List&lt;E&gt;&gt;, List&lt;Map&lt;K,V&gt;&gt;, Map&lt;K,V&gt; or&#10;    // Map&lt;K, List&lt;V&gt;&gt;. E,K,V must be a String, Integer, Float,&#10;    // Double, Byte, Short, Long, BigInteger or BigDecimal.&#10;    //&#10;    // For other transformations you can register a DataTableType.&#10;    throw new io.cucumber.java.PendingException();&#10;}&#10;@Then(&quot;deberia existir un mensaje de transaccion qr declinada {string}&quot;)&#10;public void deberiaExistirUnMensajeDeTransaccionQrDeclinada(String string) {&#10;    // Write code here that turns the phrase above into concrete actions&#10;    throw new io.cucumber.java.PendingException();&#10;}&#10;" type="io.cucumber.junit.UndefinedStepException">io.cucumber.junit.UndefinedStepException: The step 'el usaurio elige la opcion de qr e ingresa los siguientes datos' and 1 other step(s) are undefined.
You can implement these steps using the snippet(s) below:

@When(&quot;el usaurio elige la opcion de qr e ingresa los siguientes datos&quot;)
public void elUsaurioEligeLaOpcionDeQrEIngresaLosSiguientesDatos(io.cucumber.datatable.DataTable dataTable) {
    // Write code here that turns the phrase above into concrete actions
    // For automatic transformation, change DataTable to one of
    // E, List&lt;E&gt;, List&lt;List&lt;E&gt;&gt;, List&lt;Map&lt;K,V&gt;&gt;, Map&lt;K,V&gt; or
    // Map&lt;K, List&lt;V&gt;&gt;. E,K,V must be a String, Integer, Float,
    // Double, Byte, Short, Long, BigInteger or BigDecimal.
    //
    // For other transformations you can register a DataTableType.
    throw new io.cucumber.java.PendingException();
}
@Then(&quot;deberia existir un mensaje de transaccion qr declinada {string}&quot;)
public void deberiaExistirUnMensajeDeTransaccionQrDeclinada(String string) {
    // Write code here that turns the phrase above into concrete actions
    throw new io.cucumber.java.PendingException();
}

</failure>
  </testcase>
  <system-out><![CDATA[]]></system-out>
  <system-err><![CDATA[[Test worker] INFO  - 
  _____   ___   ___   _____     ___   _____     _     ___   _____   ___   ___  
 |_   _| | __| / __| |_   _|   / __| |_   _|   /_\   | _ \ |_   _| | __| |   \ 
   | |   | _|  \__ \   | |     \__ \   | |    / _ \  |   /   | |   | _|  | |) |
   |_|   |___| |___/   |_|     |___/   |_|   /_/ \_\ |_|_\   |_|   |___| |___/ 

realizar un pago exitoso mediante la opcion de qr(yo-como-usario-quiero-automatizar-la-plataforma-wompi-mediante-el-metodo-de-pago-qr;realizar-un-pago-exitoso-mediante-la-opcion-de-qr)
--------------------------------------------------------------------------------
[Test worker] INFO  - 
  _____   ___   ___   _____     ___   ___   _  _   ___    ___   _  _    ___ 
 |_   _| | __| / __| |_   _|   | _ \ | __| | \| | |   \  |_ _| | \| |  / __|
   | |   | _|  \__ \   | |     |  _/ | _|  | .` | | |) |  | |  | .` | | (_ |
   |_|   |___| |___/   |_|     |_|   |___| |_|\_| |___/  |___| |_|\_|  \___|

realizar un pago exitoso mediante la opcion de qr
-----------------------------------------------------------------------------
[Test worker] INFO  - 
  _____   ___   ___   _____     ___   _____     _     ___   _____   ___   ___  
 |_   _| | __| / __| |_   _|   / __| |_   _|   /_\   | _ \ |_   _| | __| |   \ 
   | |   | _|  \__ \   | |     \__ \   | |    / _ \  |   /   | |   | _|  | |) |
   |_|   |___| |___/   |_|     |___/   |_|   /_/ \_\ |_|_\   |_|   |___| |___/ 

realizar un pago erroneo con qr(yo-como-usario-quiero-automatizar-la-plataforma-wompi-mediante-el-metodo-de-pago-qr;realizar-un-pago-erroneo-con-qr)
--------------------------------------------------------------------------------
[Test worker] INFO  - 
  _____   ___   ___   _____     ___   ___   _  _   ___    ___   _  _    ___ 
 |_   _| | __| / __| |_   _|   | _ \ | __| | \| | |   \  |_ _| | \| |  / __|
   | |   | _|  \__ \   | |     |  _/ | _|  | .` | | |) |  | |  | .` | | (_ |
   |_|   |___| |___/   |_|     |_|   |___| |_|\_| |___/  |___| |_|\_|  \___|

realizar un pago erroneo con qr
-----------------------------------------------------------------------------
[Test worker] INFO  - 
  _____   ___   ___   _____     ___   _____     _     ___   _____   ___   ___  
 |_   _| | __| / __| |_   _|   / __| |_   _|   /_\   | _ \ |_   _| | __| |   \ 
   | |   | _|  \__ \   | |     \__ \   | |    / _ \  |   /   | |   | _|  | |) |
   |_|   |___| |___/   |_|     |___/   |_|   /_/ \_\ |_|_\   |_|   |___| |___/ 

realizar un pago declinado con qr(yo-como-usario-quiero-automatizar-la-plataforma-wompi-mediante-el-metodo-de-pago-qr;realizar-un-pago-declinado-con-qr)
--------------------------------------------------------------------------------
[Test worker] INFO  - 
  _____   ___   ___   _____     ___   ___   _  _   ___    ___   _  _    ___ 
 |_   _| | __| / __| |_   _|   | _ \ | __| | \| | |   \  |_ _| | \| |  / __|
   | |   | _|  \__ \   | |     |  _/ | _|  | .` | | |) |  | |  | .` | | (_ |
   |_|   |___| |___/   |_|     |_|   |___| |_|\_| |___/  |___| |_|\_|  \___|

realizar un pago declinado con qr
-----------------------------------------------------------------------------
]]></system-err>
</testsuite>
